0 info it worked if it ends with ok
1 verbose cli [ 'node',
1 verbose cli   '/usr/local/bin/npm',
1 verbose cli   'install',
1 verbose cli   'selenium-webdriver',
1 verbose cli   '-g' ]
2 info using npm@1.4.28
3 info using node@v0.10.32
4 verbose cache add [ 'selenium-webdriver', null ]
5 verbose cache add name=undefined spec="selenium-webdriver" args=["selenium-webdriver",null]
6 verbose parsed url { protocol: null,
6 verbose parsed url   slashes: null,
6 verbose parsed url   auth: null,
6 verbose parsed url   host: null,
6 verbose parsed url   port: null,
6 verbose parsed url   hostname: null,
6 verbose parsed url   hash: null,
6 verbose parsed url   search: null,
6 verbose parsed url   query: null,
6 verbose parsed url   pathname: 'selenium-webdriver',
6 verbose parsed url   path: 'selenium-webdriver',
6 verbose parsed url   href: 'selenium-webdriver' }
7 silly lockFile 2800069c-selenium-webdriver selenium-webdriver
8 verbose lock selenium-webdriver /Users/chris/.npm/2800069c-selenium-webdriver.lock
9 silly lockFile 2800069c-selenium-webdriver selenium-webdriver
10 silly lockFile 2800069c-selenium-webdriver selenium-webdriver
11 verbose addNamed [ 'selenium-webdriver', '' ]
12 verbose addNamed [ null, '*' ]
13 silly lockFile 0cf90123-selenium-webdriver selenium-webdriver@
14 verbose lock selenium-webdriver@ /Users/chris/.npm/0cf90123-selenium-webdriver.lock
15 silly addNameRange { name: 'selenium-webdriver', range: '*', hasData: false }
16 verbose request where is /selenium-webdriver
17 verbose request registry https://registry.npmjs.org/
18 verbose request id 742953114b4c68cb
19 verbose url raw /selenium-webdriver
20 verbose url resolving [ 'https://registry.npmjs.org/', './selenium-webdriver' ]
21 verbose url resolved https://registry.npmjs.org/selenium-webdriver
22 verbose request where is https://registry.npmjs.org/selenium-webdriver
23 info trying registry request attempt 1 at 11:23:13
24 http GET https://registry.npmjs.org/selenium-webdriver
25 http 200 https://registry.npmjs.org/selenium-webdriver
26 silly registry.get cb [ 200,
26 silly registry.get   { date: 'Mon, 02 Mar 2015 00:23:07 GMT',
26 silly registry.get     server: 'CouchDB/1.5.0 (Erlang OTP/R16B03)',
26 silly registry.get     etag: '"D04U6LA2VKJH8WLBJKCNFUELP"',
26 silly registry.get     'content-type': 'application/json',
26 silly registry.get     'cache-control': 'max-age=60',
26 silly registry.get     'content-length': '35356',
26 silly registry.get     'accept-ranges': 'bytes',
26 silly registry.get     via: '1.1 varnish',
26 silly registry.get     age: '17',
26 silly registry.get     'x-served-by': 'cache-syd1622-SYD',
26 silly registry.get     'x-cache': 'HIT',
26 silly registry.get     'x-cache-hits': '3',
26 silly registry.get     'x-timer': 'S1425255787.805937,VS0,VE0',
26 silly registry.get     vary: 'Accept',
26 silly registry.get     'keep-alive': 'timeout=10, max=50',
26 silly registry.get     connection: 'Keep-Alive' } ]
27 silly addNameRange number 2 { name: 'selenium-webdriver', range: '*', hasData: true }
28 silly addNameRange versions [ 'selenium-webdriver',
28 silly addNameRange   [ '2.29.0',
28 silly addNameRange     '2.29.1',
28 silly addNameRange     '2.30.0',
28 silly addNameRange     '2.31.0',
28 silly addNameRange     '2.32.0',
28 silly addNameRange     '2.32.1',
28 silly addNameRange     '2.33.0',
28 silly addNameRange     '2.34.0',
28 silly addNameRange     '2.34.1',
28 silly addNameRange     '2.35.0',
28 silly addNameRange     '2.35.1',
28 silly addNameRange     '2.35.2',
28 silly addNameRange     '2.37.0',
28 silly addNameRange     '2.38.0',
28 silly addNameRange     '2.38.1',
28 silly addNameRange     '2.39.0',
28 silly addNameRange     '2.40.0',
28 silly addNameRange     '2.41.0',
28 silly addNameRange     '2.42.0',
28 silly addNameRange     '2.42.1',
28 silly addNameRange     '2.43.1',
28 silly addNameRange     '2.43.2',
28 silly addNameRange     '2.43.3',
28 silly addNameRange     '2.43.4',
28 silly addNameRange     '2.43.5',
28 silly addNameRange     '2.44.0',
28 silly addNameRange     '2.45.0' ] ]
29 verbose addNamed [ 'selenium-webdriver', '2.45.0' ]
30 verbose addNamed [ '2.45.0', '2.45.0' ]
31 silly lockFile 2441e196-selenium-webdriver-2-45-0 selenium-webdriver@2.45.0
32 verbose lock selenium-webdriver@2.45.0 /Users/chris/.npm/2441e196-selenium-webdriver-2-45-0.lock
33 silly lockFile 54af5415-er-selenium-webdriver-2-45-0-tgz https://registry.npmjs.org/selenium-webdriver/-/selenium-webdriver-2.45.0.tgz
34 verbose lock https://registry.npmjs.org/selenium-webdriver/-/selenium-webdriver-2.45.0.tgz /Users/chris/.npm/54af5415-er-selenium-webdriver-2-45-0-tgz.lock
35 verbose addRemoteTarball [ 'https://registry.npmjs.org/selenium-webdriver/-/selenium-webdriver-2.45.0.tgz',
35 verbose addRemoteTarball   '211fa51ca822e99509fe0695399cef0299111064' ]
36 info retry fetch attempt 1 at 11:23:14
37 verbose fetch to= /var/folders/ys/948tkxts233df5nqcsy93m900000gn/T/npm-55595-BgnxAmnU/registry.npmjs.org/selenium-webdriver/-/selenium-webdriver-2.45.0.tgz
38 http GET https://registry.npmjs.org/selenium-webdriver/-/selenium-webdriver-2.45.0.tgz
39 http 200 https://registry.npmjs.org/selenium-webdriver/-/selenium-webdriver-2.45.0.tgz
40 silly lockFile 54af5415-er-selenium-webdriver-2-45-0-tgz https://registry.npmjs.org/selenium-webdriver/-/selenium-webdriver-2.45.0.tgz
41 silly lockFile 54af5415-er-selenium-webdriver-2-45-0-tgz https://registry.npmjs.org/selenium-webdriver/-/selenium-webdriver-2.45.0.tgz
42 silly lockFile 2441e196-selenium-webdriver-2-45-0 selenium-webdriver@2.45.0
43 silly lockFile 2441e196-selenium-webdriver-2-45-0 selenium-webdriver@2.45.0
44 silly lockFile 0cf90123-selenium-webdriver selenium-webdriver@
45 silly lockFile 0cf90123-selenium-webdriver selenium-webdriver@
46 silly resolved [ { name: 'selenium-webdriver',
46 silly resolved     version: '2.45.0',
46 silly resolved     description: 'The official WebDriver JavaScript bindings from the Selenium project',
46 silly resolved     keywords: [ 'automation', 'selenium', 'testing', 'webdriver', 'webdriverjs' ],
46 silly resolved     homepage: 'https://code.google.com/p/selenium/',
46 silly resolved     bugs: { url: 'https://code.google.com/p/selenium/issues/list' },
46 silly resolved     main: './index',
46 silly resolved     repository: { type: 'git', url: 'https://code.google.com/p/selenium/' },
46 silly resolved     engines: { node: '>= 0.10.x' },
46 silly resolved     dependencies:
46 silly resolved      { 'adm-zip': '0.4.4',
46 silly resolved        rimraf: '^2.2.8',
46 silly resolved        tmp: '0.0.24',
46 silly resolved        ws: '^0.7.1',
46 silly resolved        xml2js: '0.4.4' },
46 silly resolved     devDependencies:
46 silly resolved      { express: '^4.11.2',
46 silly resolved        mocha: '>= 1.21.x',
46 silly resolved        multer: '^0.1.7',
46 silly resolved        'promises-aplus-tests': '^2.1.0',
46 silly resolved        'serve-index': '^1.6.1' },
46 silly resolved     scripts: { test: 'mocha --harmony -t 600000 --recursive test' },
46 silly resolved     _id: 'selenium-webdriver@2.45.0',
46 silly resolved     _shasum: '211fa51ca822e99509fe0695399cef0299111064',
46 silly resolved     _from: 'selenium-webdriver@',
46 silly resolved     _npmVersion: '1.4.28',
46 silly resolved     _npmUser: { name: 'jmleyba', email: 'jmleyba@gmail.com' },
46 silly resolved     maintainers: [ [Object] ],
46 silly resolved     dist:
46 silly resolved      { shasum: '211fa51ca822e99509fe0695399cef0299111064',
46 silly resolved        tarball: 'http://registry.npmjs.org/selenium-webdriver/-/selenium-webdriver-2.45.0.tgz' },
46 silly resolved     directories: {},
46 silly resolved     _resolved: 'https://registry.npmjs.org/selenium-webdriver/-/selenium-webdriver-2.45.0.tgz' } ]
47 info install selenium-webdriver@2.45.0 into /usr/local/lib
48 info installOne selenium-webdriver@2.45.0
49 verbose lib/node_modules/selenium-webdriver unbuild
50 verbose tar unpack /Users/chris/.npm/selenium-webdriver/2.45.0/package.tgz
51 silly lockFile 6d1a73b8--node-modules-selenium-webdriver tar:///usr/local/lib/node_modules/selenium-webdriver
52 verbose lock tar:///usr/local/lib/node_modules/selenium-webdriver /Users/chris/.npm/6d1a73b8--node-modules-selenium-webdriver.lock
53 silly lockFile 093f2b20-ium-webdriver-2-45-0-package-tgz tar:///Users/chris/.npm/selenium-webdriver/2.45.0/package.tgz
54 verbose lock tar:///Users/chris/.npm/selenium-webdriver/2.45.0/package.tgz /Users/chris/.npm/093f2b20-ium-webdriver-2-45-0-package-tgz.lock
55 silly gunzTarPerm modes [ '755', '644' ]
56 error Error: EACCES, mkdir '/usr/local/lib/node_modules/selenium-webdriver'
56 error  { [Error: EACCES, mkdir '/usr/local/lib/node_modules/selenium-webdriver']
56 error   errno: 3,
56 error   code: 'EACCES',
56 error   path: '/usr/local/lib/node_modules/selenium-webdriver',
56 error   fstream_type: 'Directory',
56 error   fstream_path: '/usr/local/lib/node_modules/selenium-webdriver',
56 error   fstream_class: 'DirWriter',
56 error   fstream_stack:
56 error    [ '/usr/local/lib/node_modules/npm/node_modules/fstream/lib/dir-writer.js:36:23',
56 error      '/usr/local/lib/node_modules/npm/node_modules/mkdirp/index.js:46:53',
56 error      'Object.oncomplete (fs.js:107:15)' ] }
57 error Please try running this command again as root/Administrator.
58 error System Darwin 14.0.0
59 error command "node" "/usr/local/bin/npm" "install" "selenium-webdriver" "-g"
60 error cwd /Users/chris/Desktop/PROJECTS/appium/sportsbet
61 error node -v v0.10.32
62 error npm -v 1.4.28
63 error path /usr/local/lib/node_modules/selenium-webdriver
64 error fstream_path /usr/local/lib/node_modules/selenium-webdriver
65 error fstream_type Directory
66 error fstream_class DirWriter
67 error code EACCES
68 error errno 3
69 error stack Error: EACCES, mkdir '/usr/local/lib/node_modules/selenium-webdriver'
70 error fstream_stack /usr/local/lib/node_modules/npm/node_modules/fstream/lib/dir-writer.js:36:23
70 error fstream_stack /usr/local/lib/node_modules/npm/node_modules/mkdirp/index.js:46:53
70 error fstream_stack Object.oncomplete (fs.js:107:15)
71 verbose exit [ 3, true ]
